PideShop active waiting for connection...
Listening on port...
PideShop active waitng for connection ...
Order from client 1 (PID: 41652) at location (5, 7)
Order from client 2 (PID: 41652) at location (6, 4)
Cook 2 is preparing an order from client 1...
Order from client 3 (PID: 41652) at location (7, 0)
Order from client 4 (PID: 41652) at location (7, 2)
Order from client 5 (PID: 41652) at location (4, 3)
Order from client 6 (PID: 41652) at location (8, 3)
Order from client 7 (PID: 41652) at location (5, 6)
Order from client 8 (PID: 41652) at location (6, 8)
Order from client 9 (PID: 41652) at location (2, 6)
Order from client 10 (PID: 41652) at location (2, 3)
Order from client 11 (PID: 41652) at location (4, 5)
Order from client 12 (PID: 41652) at location (5, 0)
Order from client 13 (PID: 41652) at location (0, 0)
Order from client 14 (PID: 41652) at location (3, 4)
Cook 1 is preparing an order from client 2...
Order from client 15 (PID: 41652) at location (5, 5)
Order from client 16 (PID: 41652) at location (8, 0)
Order from client 17 (PID: 41652) at location (2, 4)
Order from client 18 (PID: 41652) at location (6, 2)
Cook 3 is preparing an order from client 3...
Order from client 19 (PID: 41652) at location (6, 3)
Order from client 20 (PID
Cook 4 is preparing an order from client 4...
Cook 4 has prepared an order from client 4 (PID 41652)...

Cook 2 has prepared an order from client 1 (PID 41652)...

Cook 2 is preparing an order from client 6...
Cook 2 has prepared an order from client 6 (PID 41652)...

Cook 2 is preparing an order from client 7...
Cook 2 has prepared an order from client 7 (PID 41652)...

Cook 2 is preparing an order from client 8...
Cook 2 has prepared an order from client 8 (PID 41652)...

Cook 2 is preparing an order from client 9...
Cook 2 has prepared an order from client 9 (PID 41652)...

Cook 2 is preparing an order from client 10...
Cook 1 has prepared an order from client 2 (PID 41652)...

Cook 1 is preparing an order from client 11...
Cook 3 has prepared an order from client 3 (PID 41652)...

Cook 3 is preparing an order from client 12...
Cook 3 has prepared an order from client 12 (PID 41652)...

Cook 3 is preparing an order from client 13...
Cook 3 has prepared an order from client 13 (PID 41652)...

Cook 3 is preparing an order from client 14...
: 41652) at location (6, 0)
Cook 1 has prepared an order from client 11 (PID 41652)...

Cook 4 is preparing an order from client 5...
Order from client 4 is now being cooked in the oven...
Order 4 (PID 41652) cooked.

Order from client 1 is now being cooked in the oven...
Order 1 (PID 41652) cooked.

Order 4 (PID 41652) is handed to Delivery Personel 1

Cook 1 is preparing an order from client 15...
Delivery Person 1 is making deliveries...
Cook 1 has prepared an order from client 15 (PID 41652)...

Cook 1 is preparing an order from client 16...
Cook 3 has prepared an order from client 14 (PID 41652)...

Cook 3 is preparing an order from client 17...
Cook 3 has prepared an order from client 17 (PID 41652)...

Cook 3 is preparing an order from client 18...
Cook 4 has prepared an order from client 5 (PID 41652)...

Cook 4 is preparing an order from client 19...
Cook 4 has prepared an order from client 19 (PID 41652)...

Cook 4 is preparing an order from client 20...
Cook 4 has prepared an order from client 20 (PID 41652)...

Cook 4 is preparing an order from client 0...
Cook 4 has prepared an order from client 0 (PID 41652)...

Cook 2 has prepared an order from client 10 (PID 41652)...

Order from client 6 is now being cooked in the oven...
Order 6 (PID 41652) cooked.

Cook 1 has prepared an order from client 16 (PID 41652)...

Order from client 21 (PID: 41652) at location (6, 5)
Cook 3 has prepared an order from client 18 (PID 41652)...

Order 1 (PID 41652) is handed to Delivery Personel 2

Cook 1 is preparing an order from client 21...
Delivery Person 2 is making deliveries...
Order from client 22 (PID: 41652) at location (6, 2)
Order from client 7 is now being cooked in the oven...
Order 7 (PID 41652) cooked.

Cook 1 has prepared an order from client 21 (PID 41652)...

Cook 3 is preparing an order from client 22...
Cook 3 has prepared an order from client 22 (PID 41652)...

Order 6 (PID 41652) is handed to Delivery Personel 3

Order from client 23 (PID: 41652) at location (3, 2)
Delivery Person 3 is making deliveries...
Order from client 8 is now being cooked in the oven...
Order 8 (PID 41652) cooked.

Order 7 (PID 41652) is handed to Delivery Personel 4

Order from client 24 (PID: 41652) at location (2, 5)
Cook 2 is preparing an order from client 23...
Delivery Person 4 is making deliveries...
Cook 2 has prepared an order from client 23 (PID 41652)...

Order from client 25 (PID: 41652) at location (9, 6)
Order 8 (PID 41652) is handed to Delivery Personel 5

Cook 4 is preparing an order from client 25...
Cook 4 has prepared an order from client 25 (PID 41652)...

Order from client 9 is now being cooked in the oven...
Order 9 (PID 41652) cooked.

Cook 1 is preparing an order from client 24...
Order 9 (PID 41652) is handed to Delivery Personel 6

Cook 1 has prepared an order from client 24 (PID 41652)...

Order from client 26 (PID: 41652) at location (0, 5)
Delivery Person 5 is making deliveries...
Order from client 27 (PID: 41652) at location (3, 5)
Cook 2 is preparing an order from client 26...
Order from client 2 is now being cooked in the oven...
Cook 2 has prepared an order from client 26 (PID 41652)...

Delivery Person 6 is making deliveries...
Order 2 (PID 41652) cooked.

Order from client 28 (PID: 41652) at location (5, 5)
Cook 4 is preparing an order from client 27...
Cook 4 has prepared an order from client 27 (PID 41652)...

Cook 3 is preparing an order from client 28...
Order from client 3 is now being cooked in the oven...
Order 3 (PID 41652) cooked.

Cook 3 has prepared an order from client 28 (PID 41652)...

Order from client 29 (PID: 41652) at location (6, 0)
Order from client 12 is now being cooked in the oven...
Order from client 30 (PID: 41652) at location (9, 1)
Cook 4 is preparing an order from client 29...
Cook 4 has prepared an order from client 29 (PID 41652)...

Order from client 31 (PID: 41652) at location (5, 9)
Order from client 32 (PID: 41652) at location (4, 0)
Cook 3 is preparing an order from client 31...
Order 12 (PID 41652) cooked.

Cook 2 is preparing an order from client 30...
Cook 2 has prepared an order from client 30 (PID 41652)...

Cook 3 has prepared an order from client 31 (PID 41652)...

Order from client 13 is now being cooked in the oven...
Order 13 (PID 41652) cooked.

Order from client 33 (PID: 41652) at location (5, 0)
Order from client 34 (PID: 41652) at location (4, 1)
Cook 1 is preparing an order from client 32...
Cook 1 has prepared an order from client 32 (PID 41652)...

Cook 4 is preparing an order from client 33...
Order from client 11 is now being cooked in the oven...
Cook 4 has prepared an order from client 33 (PID 41652)...

Order 11 (PID 41652) cooked.

Order from client 15 is now being cooked in the oven...
Order 15 (PID 41652) cooked.

Cook 2 is preparing an order from client 34...
Order from client 35 (PID: 41652) at location (4, 0)
Cook 2 has prepared an order from client 34 (PID 41652)...

Order from client 36 (PID: 41652) at location (1, 2)
Order from client 14 is now being cooked in the oven...
Cook 4 is preparing an order from client 35...
Cook 1 is preparing an order from client 36...
Cook 4 has prepared an order from client 35 (PID 41652)...

Order from client 37 (PID: 41652) at location (7, 9)
Cook 1 has prepared an order from client 36 (PID 41652)...

Order 14 (PID 41652) cooked.

Order from client 38 (PID: 41652) at location (6, 0)
Order from client 39 (PID: 41652) at loca
Order from client 17 is now being cooked in the oven...
Order 17 (PID 41652) cooked.

Cook 3 is preparing an order from client 38...
Cook 2 is preparing an order from client 37...
Cook 2 has prepared an order from client 37 (PID 41652)...

tion (2, 8)
Cook 3 has prepared an order from client 38 (PID 41652)...

Cook 4 is preparing an order from client 39...
Cook 2 is preparing an order from client 0...
Order from client 40 (PID: 41652) at location (5, 3)
Cook 4 has prepared an order from client 39 (PID 41652)...

Order from client 5 is now being cooked in the oven...
Cook 1 is preparing an order from client 40...
Cook 2 has prepared an order from client 0 (PID 41652)...

Cook 1 has prepared an order from client 40 (PID 41652)...

Order 5 (PID 41652) cooked.

Order from client 19 is now being cooked in the oven...
Order 19 (PID 41652) cooked.

Order from client 20 is now being cooked in the oven...
Order 20 (PID 41652) cooked.

Order from client 0 is now being cooked in the oven...
Order 0 (PID 41652) cooked.

Order from client 10 is now being cooked in the oven...
Order 10 (PID 41652) cooked.

Order from client 16 is now being cooked in the oven...
Order 16 (PID 41652) cooked.

Order from client 18 is now being cooked in the oven...
Order 18 (PID 41652) cooked.

Order from client 21 is now being cooked in the oven...
Order 21 (PID 41652) cooked.

Order from client 22 is now being cooked in the oven...
Order 22 (PID 41652) cooked.

Order from client 23 is now being cooked in the oven...
Order 23 (PID 41652) cooked.

Order from client 25 is now being cooked in the oven...
Order 25 (PID 41652) cooked.

Order from client 24 is now being cooked in the oven...
Order 24 (PID 41652) cooked.

Order from client 26 is now being cooked in the oven...
Order 26 (PID 41652) cooked.

Order from client 27 is now being cooked in the oven...
Order 27 (PID 41652) cooked.

Order from client 28 is now being cooked in the oven...
Order 28 (PID 41652) cooked.

Order from client 29 is now being cooked in the oven...
Order 29 (PID 41652) cooked.

Order from client 30 is now being cooked in the oven...
Order 30 (PID 41652) cooked.

Order from client 31 is now being cooked in the oven...
Order 31 (PID 41652) cooked.

Order from client 32 is now being cooked in the oven...
Order 32 (PID 41652) cooked.

Order from client 33 is now being cooked in the oven...
Order 33 (PID 41652) cooked.

Order from client 34 is now being cooked in the oven...
Order 34 (PID 41652) cooked.

Order from client 35 is now being cooked in the oven...
Order 35 (PID 41652) cooked.

Order from client 36 is now being cooked in the oven...
Order 36 (PID 41652) cooked.

Order from client 37 is now being cooked in the oven...
Order 37 (PID 41652) cooked.

Order from client 38 is now being cooked in the oven...
Order 38 (PID 41652) cooked.

Order from client 39 is now being cooked in the oven...
Order 39 (PID 41652) cooked.

Order from client 0 is now being cooked in the oven...
Order 0 (PID 41652) cooked.

Order from client 40 is now being cooked in the oven...
Order 40 (PID 41652) cooked.

Delivery Person 6 has returned from deliveries...
Order 2 (PID 41652) is handed to Delivery Personel 6

Order 3 (PID 41652) is handed to Delivery Personel 6

Order 12 (PID 41652) is handed to Delivery Personel 6

Delivery Person 6 is making deliveries...
Delivery Person 1 has returned from deliveries...
Order 13 (PID 41652) is handed to Delivery Personel 1

Order 11 (PID 41652) is handed to Delivery Personel 1

Order 15 (PID 41652) is handed to Delivery Personel 1

Delivery Person 1 is making deliveries...
Delivery Person 4 has returned from deliveries...
Order 14 (PID 41652) is handed to Delivery Personel 4

Order 17 (PID 41652) is handed to Delivery Personel 4

Order 5 (PID 41652) is handed to Delivery Personel 4

Delivery Person 4 is making deliveries...
Orders canceled, PID: 41652
Delivery Person 2 has returned from deliveries...
Order 19 (PID 41652) is handed to Delivery Personel 2

Order 20 (PID 41652) is handed to Delivery Personel 2

Order 0 (PID 41652) is handed to Delivery Personel 2

Delivery Person 2 is making deliveries...
Delivery Person 3 has returned from deliveries...
Order 10 (PID 41652) is handed to Delivery Personel 3

Order 16 (PID 41652) is handed to Delivery Personel 3

Order 18 (PID 41652) is handed to Delivery Personel 3

Delivery Person 3 is making deliveries...
Delivery Person 5 has returned from deliveries...
Order 21 (PID 41652) is handed to Delivery Personel 5

Order 22 (PID 41652) is handed to Delivery Personel 5

Order 23 (PID 41652) is handed to Delivery Personel 5

Delivery Person 5 is making deliveries...
Delivery Person 6 has returned from deliveries...
Order 25 (PID 41652) is handed to Delivery Personel 6

Order 24 (PID 41652) is handed to Delivery Personel 6

Order 26 (PID 41652) is handed to Delivery Personel 6

Delivery Person 6 is making deliveries...
Delivery Person 4 has returned from deliveries...
Order 27 (PID 41652) is handed to Delivery Personel 4

Order 28 (PID 41652) is handed to Delivery Personel 4

Order 29 (PID 41652) is handed to Delivery Personel 4

Delivery Person 4 is making deliveries...
Delivery Person 5 has returned from deliveries...
Order 30 (PID 41652) is handed to Delivery Personel 5

Order 31 (PID 41652) is handed to Delivery Personel 5

Order 32 (PID 41652) is handed to Delivery Personel 5

Delivery Person 5 is making deliveries...
Delivery Person 1 has returned from deliveries...
Order 33 (PID 41652) is handed to Delivery Personel 1

Order 34 (PID 41652) is handed to Delivery Personel 1

Order 35 (PID 41652) is handed to Delivery Personel 1

Delivery Person 1 is making deliveries...
Delivery Person 2 has returned from deliveries...
Order 36 (PID 41652) is handed to Delivery Personel 2

Order 37 (PID 41652) is handed to Delivery Personel 2

Order 38 (PID 41652) is handed to Delivery Personel 2

Delivery Person 2 is making deliveries...
Delivery Person 3 has returned from deliveries...
Order 39 (PID 41652) is handed to Delivery Personel 3

Order 0 (PID 41652) is handed to Delivery Personel 3

Order 40 (PID 41652) is handed to Delivery Personel 3

Delivery Person 3 is making deliveries...
Delivery Person 6 has returned from deliveries...
Delivery Person 5 has returned from deliveries...
Delivery Person 1 has returned from deliveries...
Delivery Person 4 has returned from deliveries...
Delivery Person 3 has returned from deliveries...
Delivery Person 2 has returned from deliveries...
Order from client 1 (PID: 41818) at location (3, 5)
Cook 3 is preparing an order from client 1...
Order from client 2 (PID: 41818) at location (1, 2)
Cook 3 has prepared an order from client 1 (PID 41818)...

Order from client 3 (PID: 41818) at location (2, 8)
Cook 1 is preparing an order from client 2...
Order from client 1 is now being cooked in the oven...
Order from client 4 (PID: 41818) at location (4, 0)
Cook 1 has prepared an order from client 2 (PID 41818)...

Order 1 (PID 41818) cooked.

Cook 3 is preparing an order from client 3...
Cook 3 has prepared an order from client 3 (PID 41818)...

Order from client 2 is now being cooked in the oven...
Order 2 (PID 41818) cooked.

Order from client 5 (PID: 41818) at location (5, 8)
Cook 1 is preparing an order from client 4...
Order 1 (PID 41818) is handed to Delivery Personel 6

Cook 4 is preparing an order from client 5...
Order from client 3 is now being cooked in the oven...
Order 3 (PID 41818) cooked.

Cook 1 has prepared an order from client 4 (PID 41818)...

Order 2 (PID 41818) is handed to Delivery Personel 5

Delivery Person 6 is making deliveries...
Delivery Person 5 is making deliveries...
Order from client 6 (PID: 41818) at location (7, 3)
Order 3 (PID 41818) is handed to Delivery Personel 1

Order from client 4 is now being cooked in the oven...
Cook 4 has prepared an order from client 5 (PID 41818)...

Delivery Person 1 is making deliveries...
Order 4 (PID 41818) cooked.

Cook 2 is preparing an order from client 6...
Cook 2 has prepared an order from client 6 (PID 41818)...

Order from client 7 (PID: 41818) at location (4, 1)
Order from client 5 is now being cooked in the oven...
Order from client 8 (PID: 41818) at location (4, 0)
Order from client 9 (PID: 41818) at location (7, 9)
Order 4 (PID 41818) is handed to Delivery Personel 4

Order 5 (PID 41818) cooked.

Delivery Person 4 is making deliveries...
Cook 3 is preparing an order from client 9...
Cook 3 has prepared an order from client 9 (PID 41818)...

Order from client 6 is now being cooked in the oven...
Order 5 (PID 41818) is handed to Delivery Personel 3

Order 6 (PID 41818) cooked.

Cook 2 is preparing an order from client 7...
Order 6 (PID 41818) is handed to Delivery Personel 2

Order from client 10 (PID: 41818) at location (4, 5)
Delivery Person 2 is making deliveries...
Order from client 9 is now being cooked in the oven...
Order 9 (PID 41818) cooked.

Cook 4 is preparing an order from client 8...
Cook 4 has prepared an order from client 8 (PID 41818)...

Cook 3 is preparing an order from client 10...
Cook 3 has prepared an order from client 10 (PID 41818)...

Delivery Person 3 is making deliveries...
Order from client 8 is now being cooked in the oven...
Order 8 (PID 41818) cooked.

Cook 2 has prepared an order from client 7 (PID 41818)...

Order from client 10 is now being cooked in the oven...
Order 10 (PID 41818) cooked.

Order from client 7 is now being cooked in the oven...
Order 7 (PID 41818) cooked.

Delivery Person 5 has returned from deliveries...
Order 9 (PID 41818) is handed to Delivery Personel 5

Order 8 (PID 41818) is handed to Delivery Personel 5

Order 10 (PID 41818) is handed to Delivery Personel 5

Delivery Person 5 is making deliveries...
Delivery Person 4 has returned from deliveries...
Order 7 (PID 41818) is handed to Delivery Personel 4

Delivery Person 4 is making deliveries...
Delivery Person 6 has returned from deliveries...
Delivery Person 2 has returned from deliveries...
Delivery Person 5 has returned from deliveries...
Delivery Person 1 has returned from deliveries...
Thanks Cook 2 and Moto 5
done serving client @ XXX PID 41818
Delivery Person 3 has returned from deliveries...
Delivery Person 4 has returned from deliveries...
^C.. quitting.. writing log file
